#
# A fatal error has been detected by the Java Runtime Environment:
#
#  SIGSEGV (0xb) at pc=0x00007f19ab0f51e8, pid=11184, tid=0x00007f19b29ef700
#
# JRE version: OpenJDK Runtime Environment (8.0_242-b08) (build 1.8.0_242-8u242-b08-0ubuntu3~18.04-b08)
# Java VM: OpenJDK 64-Bit Server VM (25.242-b08 mixed mode linux-amd64 compressed oops)
# Problematic frame:
# C  [libcvc4.so.6+0x2f21e8]  CVC4::expr::NodeValue::dec()+0xb8
#
# Failed to write core dump. Core dumps have been disabled. To enable core dumping, try "ulimit -c unlimited" before starting Java again
#
# If you would like to submit a bug report, please visit:
#   http://bugreport.java.com/bugreport/crash.jsp
# The crash happened outside the Java Virtual Machine in native code.
# See problematic frame for where to report the bug.
#

---------------  T H R E A D  ---------------

Current thread (0x00007f19c814e000):  JavaThread "Finalizer" daemon [_thread_in_native, id=11192, stack(0x00007f19b28ef000,0x00007f19b29f0000)]

siginfo: si_signo: 11 (SIGSEGV), si_code: 1 (SEGV_MAPERR), si_addr: 0x00000000000000c0

Registers:
RAX=0x00007f197142b820, RBX=0x00007f1971169600, RCX=0x00000000000000b0, RDX=0x00000000000017aa
RSP=0x00007f19b29ee860, RBP=0x0000000000082250, RSI=0x000000ffffffffff, RDI=0x000000000000191b
R8 =0x00007f1971424870, R9 =0x00000007c0000ea8, R10=0x00007f19b92646c1, R11=0x00000000e2ab7e77
R12=0x00000000000017aa, R13=0x00007f19c82c0fe0, R14=0x0000000000000000, R15=0x0000000000000000
RIP=0x00007f19ab0f51e8, EFLAGS=0x0000000000010202, CSGSFS=0x002b000000000033, ERR=0x0000000000000004
  TRAPNO=0x000000000000000e

Top of Stack: (sp=0x00007f19b29ee860)
0x00007f19b29ee860:   00007f19711c1e30 0000000000000000
0x00007f19b29ee870:   00007f19711695e0 00007f19711695c0
0x00007f19b29ee880:   00007f19c82c1a60 00007f19aba94ce3
0x00007f19b29ee890:   00007f19c814e000 00007f19711695c0
0x00007f19b29ee8a0:   00007f19b29ee920 0000000000000000
0x00007f19b29ee8b0:   00007f19cc814cd0 00007f19b29ee910
0x00007f19b29ee8c0:   00007f19c814e000 00007f19b11f24fc
0x00007f19b29ee8d0:   00007f19cc9d5700 00007f19b9264731
0x00007f19b29ee8e0:   000000071cb55298 00007f19b92f2c4c
0x00007f19b29ee8f0:   00007f19d0b3a6ac 00007f19c814e000
0x00007f19b29ee900:   00007f19b29ee940 00007f19d057a05b
0x00007f19b29ee910:   000000071cba7428 0f9808b1a554a600
0x00007f19b29ee920:   0000000719251218 00007f19b92d8bb8
0x00007f19b29ee930:   0000000719251218 0000000719251200
0x00007f19b29ee940:   00000007c0006340 00007f19b9070908
0x00007f19b29ee950:   00000007c0006340 00007f19b92faac0
0x00007f19b29ee960:   000000071cbac180 000000071924c488
0x00007f19b29ee970:   000000071cb31060 00007f19b9021abf
0x00007f19b29ee980:   00000007c0006340 000000071924c488
0x00007f19b29ee990:   00000007c0000ea8 000000071cb31068
0x00007f19b29ee9a0:   00000007c0019d08 00000007c0006340
0x00007f19b29ee9b0:   00000007c0000ea8 00007f19cc4d95a0
0x00007f19b29ee9c0:   0000000000000003 0000000000000003
0x00007f19b29ee9d0:   00007f19b29eea60 00007f19b90004e7
0x00007f19b29ee9e0:   00007f19b29eea60 00007f19b90004e7
0x00007f19b29ee9f0:   0000000000000000 000000071cba93d8
0x00007f19b29eea00:   0000000000001fa0 00007f19cc4d95a0
0x00007f19b29eea10:   0000000000000001 00007f19b29eeb10
0x00007f19b29eea20:   00007f19c814e000 00007f19c814e000
0x00007f19b29eea30:   00007f19b29eeb10 00007f19b29eed08
0x00007f19b29eea40:   00007f190000000a 00007f19cc4d95a0
0x00007f19b29eea50:   00007f19b9013340 00007f19b29eec68 

Instructions: (pc=0x00007f19ab0f51e8)
0x00007f19ab0f51c8:   d0 49 89 d4 48 85 c0 74 7f 48 8b 08 4c 8b 41 10
0x00007f19ab0f51d8:   eb 1f 66 0f 1f 44 00 00 48 8b 09 48 85 c9 74 68
0x00007f19ab0f51e8:   4c 8b 41 10 31 d2 4c 89 c0 48 f7 f7 49 39 d4 75
0x00007f19ab0f51f8:   57 4c 39 c5 75 e2 48 8b 41 08 48 8b 10 48 21 f2 

Register to memory mapping:

RAX=0x00007f197142b820 is an unknown value
RBX=0x00007f1971169600 is an unknown value
RCX=0x00000000000000b0 is an unknown value
RDX=0x00000000000017aa is an unknown value
RSP=0x00007f19b29ee860 is pointing into the stack for thread: 0x00007f19c814e000
RBP=0x0000000000082250 is an unknown value
RSI=0x000000ffffffffff is an unknown value
RDI=0x000000000000191b is an unknown value
R8 =0x00007f1971424870 is an unknown value
R9 =0x00000007c0000ea8 is pointing into metadata
R10=0x00007f19b92646c1 is at entry_point+65 in (nmethod*)0x00007f19b9264510
R11=0x00000000e2ab7e77 is an unknown value
R12=0x00000000000017aa is an unknown value
R13=0x00007f19c82c0fe0 is an unknown value
R14=0x0000000000000000 is an unknown value
R15=0x0000000000000000 is an unknown value


Stack: [0x00007f19b28ef000,0x00007f19b29f0000],  sp=0x00007f19b29ee860,  free space=1022k
Native frames: (J=compiled Java code, j=interpreted, Vv=VM code, C=native code)
C  [libcvc4.so.6+0x2f21e8]  CVC4::expr::NodeValue::dec()+0xb8

Java frames: (J=compiled Java code, j=interpreted, Vv=VM code)
J 608  edu.nyu.acsys.CVC4.CVC4JNI.delete_Expr(J)V (0 bytes) @ 0x00007f19b92646c1 [0x00007f19b9264680+0x41]
J 707 C2 edu.nyu.acsys.CVC4.Expr.finalize()V (5 bytes) @ 0x00007f19b92d8bb8 [0x00007f19b92d8b00+0xb8]
J 717% C2 java.lang.ref.Finalizer$FinalizerThread.run()V (55 bytes) @ 0x00007f19b92faac0 [0x00007f19b92fa800+0x2c0]
v  ~StubRoutines::call_stub

---------------  P R O C E S S  ---------------

Java Threads: ( => current thread )
  0x00007f19c81aa000 JavaThread "Service Thread" daemon [_thread_blocked, id=11197, stack(0x00007f19b1a1b000,0x00007f19b1b1c000)]
  0x00007f19c8185000 JavaThread "C1 CompilerThread2" daemon [_thread_blocked, id=11196, stack(0x00007f19b1b1d000,0x00007f19b1c1d000)]
  0x00007f19c8183800 JavaThread "C2 CompilerThread1" daemon [_thread_blocked, id=11195, stack(0x00007f19b1c1e000,0x00007f19b1d1e000)]
  0x00007f19c8180800 JavaThread "C2 CompilerThread0" daemon [_thread_blocked, id=11194, stack(0x00007f19b1d1f000,0x00007f19b1e1f000)]
  0x00007f19c817f000 JavaThread "Signal Dispatcher" daemon [_thread_blocked, id=11193, stack(0x00007f19b1e1f000,0x00007f19b1f20000)]
=>0x00007f19c814e000 JavaThread "Finalizer" daemon [_thread_in_native, id=11192, stack(0x00007f19b28ef000,0x00007f19b29f0000)]
  0x00007f19c8149800 JavaThread "Reference Handler" daemon [_thread_blocked, id=11191, stack(0x00007f19b29f0000,0x00007f19b2af1000)]
  0x00007f19c800b800 JavaThread "main" [_thread_in_native, id=11185, stack(0x00007f19d18a9000,0x00007f19d19a9000)]

Other Threads:
  0x00007f19c8140000 VMThread [stack: 0x00007f19b2af2000,0x00007f19b2bf2000] [id=11190]
  0x00007f19c81ad000 WatcherThread [stack: 0x00007f19b191b000,0x00007f19b1a1b000] [id=11198]

VM state:not at safepoint (normal execution)

VM Mutex/Monitor currently owned by a thread: None

heap address: 0x0000000714000000, size: 2752 MB, Compressed Oops mode: Zero based, Oop shift amount: 3
Narrow klass base: 0x0000000000000000, Narrow klass shift: 3
Compressed class space size: 1073741824 Address: 0x00000007c0000000

Heap:
 PSYoungGen      total 183296K, used 6994K [0x0000000786b00000, 0x00000007a9500000, 0x00000007c0000000)
  eden space 176128K, 3% used [0x0000000786b00000,0x00000007871d4ba8,0x0000000791700000)
  from space 7168K, 0% used [0x0000000791700000,0x0000000791700000,0x0000000791e00000)
  to   space 107520K, 0% used [0x00000007a2c00000,0x00000007a2c00000,0x00000007a9500000)
 ParOldGen       total 318464K, used 149497K [0x0000000714000000, 0x0000000727700000, 0x0000000786b00000)
  object space 318464K, 46% used [0x0000000714000000,0x000000071d1fe6c0,0x0000000727700000)
 Metaspace       used 7097K, capacity 7292K, committed 7552K, reserved 1056768K
  class space    used 763K, capacity 834K, committed 896K, reserved 1048576K

Card table byte_map: [0x00007f19cd8da000,0x00007f19cde3b000] byte_map_base: 0x00007f19ca03a000

Marking Bits: (ParMarkBitMap*) 0x00007f19d0b3e3e0
 Begin Bits: [0x00007f19b3a00000, 0x00007f19b6500000)
 End Bits:   [0x00007f19b6500000, 0x00007f19b9000000)

Polling page: 0x00007f19d19bf000

CodeCache: size=245760Kb used=3030Kb max_used=3041Kb free=242729Kb
 bounds [0x00007f19b9000000, 0x00007f19b9300000, 0x00007f19c8000000]
 total_blobs=1093 nmethods=720 adapters=288
 compilation: enabled

Compilation events (10 events):
Event: 19.122 Thread 0x00007f19c8185000  715 % !   3       java.lang.ref.Finalizer$FinalizerThread::run @ 33 (55 bytes)
Event: 19.123 Thread 0x00007f19c8185000 nmethod 715% 0x00007f19b92f3550 code [0x00007f19b92f3780, 0x00007f19b92f4448]
Event: 19.125 Thread 0x00007f19c8185000  716   !   3       java.lang.ref.Finalizer$FinalizerThread::run (55 bytes)
Event: 19.126 Thread 0x00007f19c8185000 nmethod 716 0x00007f19b92f5810 code [0x00007f19b92f5a40, 0x00007f19b92f66e8]
Event: 19.207 Thread 0x00007f19c8183800  717 % !   4       java.lang.ref.Finalizer$FinalizerThread::run @ 33 (55 bytes)
Event: 19.217 Thread 0x00007f19c8183800 nmethod 717% 0x00007f19b92fa610 code [0x00007f19b92fa800, 0x00007f19b92fb530]
Event: 19.318 Thread 0x00007f19c8185000  718       3       edu.nyu.acsys.CVC4.Result::finalize (5 bytes)
Event: 19.318 Thread 0x00007f19c8185000 nmethod 718 0x00007f19b92f2890 code [0x00007f19b92f2a20, 0x00007f19b92f2e48]
Event: 19.318 Thread 0x00007f19c8185000  719  s    3       edu.nyu.acsys.CVC4.Result::delete (34 bytes)
Event: 19.319 Thread 0x00007f19c8185000 nmethod 719 0x00007f19b92f2290 code [0x00007f19b92f2400, 0x00007f19b92f27a8]

GC Heap History (10 events):
Event: 0.845 GC heap before
{Heap before GC invocations=2 (full 0):
 PSYoungGen      total 51200K, used 50091K [0x0000000786b00000, 0x000000078cf00000, 0x00000007c0000000)
  eden space 44032K, 100% used [0x0000000786b00000,0x0000000789600000,0x0000000789600000)
  from space 7168K, 84% used [0x0000000789600000,0x0000000789beae50,0x0000000789d00000)
  to   space 7168K, 0% used [0x000000078c800000,0x000000078c800000,0x000000078cf00000)
 ParOldGen       total 117760K, used 8K [0x0000000714000000, 0x000000071b300000, 0x0000000786b00000)
  object space 117760K, 0% used [0x0000000714000000,0x0000000714002000,0x000000071b300000)
 Metaspace       used 6933K, capacity 7132K, committed 7296K, reserved 1056768K
  class space    used 751K, capacity 802K, committed 896K, reserved 1048576K
Event: 0.850 GC heap after
Heap after GC invocations=2 (full 0):
 PSYoungGen      total 95232K, used 4624K [0x0000000786b00000, 0x000000078cf00000, 0x00000007c0000000)
  eden space 88064K, 0% used [0x0000000786b00000,0x0000000786b00000,0x000000078c100000)
  from space 7168K, 64% used [0x000000078c800000,0x000000078cc84040,0x000000078cf00000)
  to   space 7168K, 0% used [0x000000078c100000,0x000000078c100000,0x000000078c800000)
 ParOldGen       total 117760K, used 16K [0x0000000714000000, 0x000000071b300000, 0x0000000786b00000)
  object space 117760K, 0% used [0x0000000714000000,0x0000000714004000,0x000000071b300000)
 Metaspace       used 6933K, capacity 7132K, committed 7296K, reserved 1056768K
  class space    used 751K, capacity 802K, committed 896K, reserved 1048576K
}
Event: 1.074 GC heap before
{Heap before GC invocations=3 (full 0):
 PSYoungGen      total 95232K, used 92688K [0x0000000786b00000, 0x000000078cf00000, 0x00000007c0000000)
  eden space 88064K, 100% used [0x0000000786b00000,0x000000078c100000,0x000000078c100000)
  from space 7168K, 64% used [0x000000078c800000,0x000000078cc84040,0x000000078cf00000)
  to   space 7168K, 0% used [0x000000078c100000,0x000000078c100000,0x000000078c800000)
 ParOldGen       total 117760K, used 16K [0x0000000714000000, 0x000000071b300000, 0x0000000786b00000)
  object space 117760K, 0% used [0x0000000714000000,0x0000000714004000,0x000000071b300000)
 Metaspace       used 6936K, capacity 7132K, committed 7296K, reserved 1056768K
  class space    used 751K, capacity 802K, committed 896K, reserved 1048576K
Event: 1.087 GC heap after
Heap after GC invocations=3 (full 0):
 PSYoungGen      total 95232K, used 7145K [0x0000000786b00000, 0x0000000792500000, 0x00000007c0000000)
  eden space 88064K, 0% used [0x0000000786b00000,0x0000000786b00000,0x000000078c100000)
  from space 7168K, 99% used [0x000000078c100000,0x000000078c7fa430,0x000000078c800000)
  to   space 7168K, 0% used [0x0000000791e00000,0x0000000791e00000,0x0000000792500000)
 ParOldGen       total 117760K, used 4192K [0x0000000714000000, 0x000000071b300000, 0x0000000786b00000)
  object space 117760K, 3% used [0x0000000714000000,0x0000000714418000,0x000000071b300000)
 Metaspace       used 6936K, capacity 7132K, committed 7296K, reserved 1056768K
  class space    used 751K, capacity 802K, committed 896K, reserved 1048576K
}
Event: 1.156 GC heap before
{Heap before GC invocations=4 (full 0):
 PSYoungGen      total 95232K, used 95209K [0x0000000786b00000, 0x0000000792500000, 0x00000007c0000000)
  eden space 88064K, 100% used [0x0000000786b00000,0x000000078c100000,0x000000078c100000)
  from space 7168K, 99% used [0x000000078c100000,0x000000078c7fa430,0x000000078c800000)
  to   space 7168K, 0% used [0x0000000791e00000,0x0000000791e00000,0x0000000792500000)
 ParOldGen       total 117760K, used 4192K [0x0000000714000000, 0x000000071b300000, 0x0000000786b00000)
  object space 117760K, 3% used [0x0000000714000000,0x0000000714418000,0x000000071b300000)
 Metaspace       used 6937K, capacity 7132K, committed 7296K, reserved 1056768K
  class space    used 751K, capacity 802K, committed 896K, reserved 1048576K
Event: 1.165 GC heap after
Heap after GC invocations=4 (full 0):
 PSYoungGen      total 183296K, used 6224K [0x0000000786b00000, 0x0000000792500000, 0x00000007c0000000)
  eden space 176128K, 0% used [0x0000000786b00000,0x0000000786b00000,0x0000000791700000)
  from space 7168K, 86% used [0x0000000791e00000,0x0000000792414010,0x0000000792500000)
  to   space 7168K, 0% used [0x0000000791700000,0x0000000791700000,0x0000000791e00000)
 ParOldGen       total 117760K, used 12456K [0x0000000714000000, 0x000000071b300000, 0x0000000786b00000)
  object space 117760K, 10% used [0x0000000714000000,0x0000000714c2a010,0x000000071b300000)
 Metaspace       used 6937K, capacity 7132K, committed 7296K, reserved 1056768K
  class space    used 751K, capacity 802K, committed 896K, reserved 1048576K
}
Event: 17.661 GC heap before
{Heap before GC invocations=5 (full 0):
 PSYoungGen      total 183296K, used 182352K [0x0000000786b00000, 0x0000000792500000, 0x00000007c0000000)
  eden space 176128K, 100% used [0x0000000786b00000,0x0000000791700000,0x0000000791700000)
  from space 7168K, 86% used [0x0000000791e00000,0x0000000792414010,0x0000000792500000)
  to   space 7168K, 0% used [0x0000000791700000,0x0000000791700000,0x0000000791e00000)
 ParOldGen       total 117760K, used 12456K [0x0000000714000000, 0x000000071b300000, 0x0000000786b00000)
  object space 117760K, 10% used [0x0000000714000000,0x0000000714c2a010,0x000000071b300000)
 Metaspace       used 7095K, capacity 7292K, committed 7552K, reserved 1056768K
  class space    used 763K, capacity 834K, committed 896K, reserved 1048576K
Event: 18.041 GC heap after
Heap after GC invocations=5 (full 0):
 PSYoungGen      total 183296K, used 7168K [0x0000000786b00000, 0x00000007a9500000, 0x00000007c0000000)
  eden space 176128K, 0% used [0x0000000786b00000,0x0000000786b00000,0x0000000791700000)
  from space 7168K, 100% used [0x0000000791700000,0x0000000791e00000,0x0000000791e00000)
  to   space 107520K, 0% used [0x00000007a2c00000,0x00000007a2c00000,0x00000007a9500000)
 ParOldGen       total 155136K, used 154688K [0x0000000714000000, 0x000000071d780000, 0x0000000786b00000)
  object space 155136K, 99% used [0x0000000714000000,0x000000071d710010,0x000000071d780000)
 Metaspace       used 7095K, capacity 7292K, committed 7552K, reserved 1056768K
  class space    used 763K, capacity 834K, committed 896K, reserved 1048576K
}
Event: 18.041 GC heap before
{Heap before GC invocations=6 (full 1):
 PSYoungGen      total 183296K, used 7168K [0x0000000786b00000, 0x00000007a9500000, 0x00000007c0000000)
  eden space 176128K, 0% used [0x0000000786b00000,0x0000000786b00000,0x0000000791700000)
  from space 7168K, 100% used [0x0000000791700000,0x0000000791e00000,0x0000000791e00000)
  to   space 107520K, 0% used [0x00000007a2c00000,0x00000007a2c00000,0x00000007a9500000)
 ParOldGen       total 155136K, used 154688K [0x0000000714000000, 0x000000071d780000, 0x0000000786b00000)
  object space 155136K, 99% used [0x0000000714000000,0x000000071d710010,0x000000071d780000)
 Metaspace       used 7095K, capacity 7292K, committed 7552K, reserved 1056768K
  class space    used 763K, capacity 834K, committed 896K, reserved 1048576K
Event: 19.024 GC heap after
Heap after GC invocations=6 (full 1):
 PSYoungGen      total 183296K, used 0K [0x0000000786b00000, 0x00000007a9500000, 0x00000007c0000000)
  eden space 176128K, 0% used [0x0000000786b00000,0x0000000786b00000,0x0000000791700000)
  from space 7168K, 0% used [0x0000000791700000,0x0000000791700000,0x0000000791e00000)
  to   space 107520K, 0% used [0x00000007a2c00000,0x00000007a2c00000,0x00000007a9500000)
 ParOldGen       total 318464K, used 149497K [0x0000000714000000, 0x0000000727700000, 0x0000000786b00000)
  object space 318464K, 46% used [0x0000000714000000,0x000000071d1fe6c0,0x0000000727700000)
 Metaspace       used 7095K, capacity 7292K, committed 7552K, reserved 1056768K
  class space    used 763K, capacity 834K, committed 896K, reserved 1048576K
}

Deoptimization events (6 events):
Event: 0.563 Thread 0x00007f19c800b800 Uncommon trap: reason=unstable_if action=reinterpret pc=0x00007f19b9236c00 method=java.util.HashMap.putVal(ILjava/lang/Object;Ljava/lang/Object;ZZ)Ljava/lang/Object; @ 162
Event: 0.758 Thread 0x00007f19c814e000 Uncommon trap: reason=unstable_if action=reinterpret pc=0x00007f19b9271270 method=java.lang.ref.ReferenceQueue.reallyPoll()Ljava/lang/ref/Reference; @ 17
Event: 1.040 Thread 0x00007f19c800b800 Uncommon trap: reason=unstable_if action=reinterpret pc=0x00007f19b9261c2c method=java.util.AbstractSet.equals(Ljava/lang/Object;)Z @ 2
Event: 1.174 Thread 0x00007f19c800b800 Uncommon trap: reason=unstable_if action=reinterpret pc=0x00007f19b9296778 method=java.util.AbstractCollection.toString()Ljava/lang/String; @ 11
Event: 19.024 Thread 0x00007f19c8149800 Uncommon trap: reason=unstable_if action=reinterpret pc=0x00007f19b926ea48 method=java.lang.ref.ReferenceQueue.enqueue(Ljava/lang/ref/Reference;)Z @ 61
Event: 19.024 Thread 0x00007f19c814e000 Uncommon trap: reason=unstable_if action=reinterpret pc=0x00007f19b9270d68 method=java.lang.ref.ReferenceQueue.reallyPoll()Ljava/lang/ref/Reference; @ 17

Classes redefined (0 events):
No events

Internal exceptions (10 events):
Event: 0.051 Thread 0x00007f19c800b800 Exception <a 'java/security/PrivilegedActionException'> (0x0000000786b6ba48) thrown at [/build/openjdk-8-58sEEn/openjdk-8-8u242-b08/src/hotspot/src/share/vm/prims/jvm.cpp, line 1502]
Event: 0.051 Thread 0x00007f19c800b800 Exception <a 'java/security/PrivilegedActionException'> (0x0000000786b6bc58) thrown at [/build/openjdk-8-58sEEn/openjdk-8-8u242-b08/src/hotspot/src/share/vm/prims/jvm.cpp, line 1502]
Event: 0.099 Thread 0x00007f19c800b800 Exception <a 'java/security/PrivilegedActionException'> (0x0000000786cba9e0) thrown at [/build/openjdk-8-58sEEn/openjdk-8-8u242-b08/src/hotspot/src/share/vm/prims/jvm.cpp, line 1502]
Event: 0.099 Thread 0x00007f19c800b800 Exception <a 'java/security/PrivilegedActionException'> (0x0000000786cbadd8) thrown at [/build/openjdk-8-58sEEn/openjdk-8-8u242-b08/src/hotspot/src/share/vm/prims/jvm.cpp, line 1502]
Event: 0.099 Thread 0x00007f19c800b800 Exception <a 'java/security/PrivilegedActionException'> (0x0000000786cbd048) thrown at [/build/openjdk-8-58sEEn/openjdk-8-8u242-b08/src/hotspot/src/share/vm/prims/jvm.cpp, line 1502]
Event: 0.099 Thread 0x00007f19c800b800 Exception <a 'java/security/PrivilegedActionException'> (0x0000000786cbd440) thrown at [/build/openjdk-8-58sEEn/openjdk-8-8u242-b08/src/hotspot/src/share/vm/prims/jvm.cpp, line 1502]
Event: 0.100 Thread 0x00007f19c800b800 Exception <a 'java/security/PrivilegedActionException'> (0x0000000786cbe100) thrown at [/build/openjdk-8-58sEEn/openjdk-8-8u242-b08/src/hotspot/src/share/vm/prims/jvm.cpp, line 1502]
Event: 0.100 Thread 0x00007f19c800b800 Exception <a 'java/security/PrivilegedActionException'> (0x0000000786cbe4f8) thrown at [/build/openjdk-8-58sEEn/openjdk-8-8u242-b08/src/hotspot/src/share/vm/prims/jvm.cpp, line 1502]
Event: 0.297 Thread 0x00007f19c800b800 Exception <a 'java/lang/NoSuchFieldError': method resolution failed> (0x00000007872c8628) thrown at [/build/openjdk-8-58sEEn/openjdk-8-8u242-b08/src/hotspot/src/share/vm/prims/methodHandles.cpp, line 1167]
Event: 0.299 Thread 0x00007f19c800b800 Exception <a 'java/lang/NoSuchFieldError': method resolution failed> (0x00000007872d59f8) thrown at [/build/openjdk-8-58sEEn/openjdk-8-8u242-b08/src/hotspot/src/share/vm/prims/methodHandles.cpp, line 1167]

Events (10 events):
Event: 19.024 Thread 0x00007f19c8149800 Uncommon trap: trap_request=0xffffff65 fr.pc=0x00007f19b926ea48
Event: 19.024 Thread 0x00007f19c8149800 DEOPT PACKING pc=0x00007f19b926ea48 sp=0x00007f19b2aef940
Event: 19.024 Thread 0x00007f19c8149800 DEOPT UNPACKING pc=0x00007f19b904547a sp=0x00007f19b2aef878 mode 2
Event: 19.024 Thread 0x00007f19c814e000 Uncommon trap: trap_request=0xffffff65 fr.pc=0x00007f19b9270d68
Event: 19.024 Thread 0x00007f19c814e000 DEOPT PACKING pc=0x00007f19b9270d68 sp=0x00007f19b29ee930
Event: 19.024 Thread 0x00007f19c814e000 DEOPT UNPACKING pc=0x00007f19b904547a sp=0x00007f19b29ee7f0 mode 2
Event: 19.046 Thread 0x00007f19c8149800 DEOPT PACKING pc=0x00007f19b92f50c5 sp=0x00007f19b2aef9b0
Event: 19.046 Thread 0x00007f19c8149800 DEOPT UNPACKING pc=0x00007f19b90474c4 sp=0x00007f19b2aef700 mode 0
Event: 19.218 Thread 0x00007f19c814e000 DEOPT PACKING pc=0x00007f19b92f42ca sp=0x00007f19b29ee960
Event: 19.218 Thread 0x00007f19c814e000 DEOPT UNPACKING pc=0x00007f19b90474c4 sp=0x00007f19b29ee6f0 mode 0


Dynamic libraries:
714000000-727700000 rw-p 00000000 00:00 0 
727700000-786b00000 ---p 00000000 00:00 0 
786b00000-7a9500000 rw-p 00000000 00:00 0 
7a9500000-7c0000000 ---p 00000000 00:00 0 
7c0000000-7c00e0000 rw-p 00000000 00:00 0 
7c00e0000-800000000 ---p 00000000 00:00 0 
557bd178f000-557bd1790000 r-xp 00000000 08:01 1312600                    /usr/lib/jvm/java-8-openjdk-amd64/jre/bin/java
557bd198f000-557bd1990000 r--p 00000000 08:01 1312600                    /usr/lib/jvm/java-8-openjdk-amd64/jre/bin/java
557bd1990000-557bd1991000 rw-p 00001000 08:01 1312600                    /usr/lib/jvm/java-8-openjdk-amd64/jre/bin/java
557bd1b58000-557bd1b79000 rw-p 00000000 00:00 0                          [heap]
7f1964000000-7f19697ee000 rw-p 00000000 00:00 0 
7f19697ee000-7f196c000000 ---p 00000000 00:00 0 
7f196c000000-7f1974000000 rw-p 00000000 00:00 0 
7f1974000000-7f1974021000 rw-p 00000000 00:00 0 
7f1974021000-7f1978000000 ---p 00000000 00:00 0 
7f1978000000-7f1978021000 rw-p 00000000 00:00 0 
7f1978021000-7f197c000000 ---p 00000000 00:00 0 
7f197c000000-7f197c46e000 rw-p 00000000 00:00 0 
7f197c46e000-7f1980000000 ---p 00000000 00:00 0 
7f1980000000-7f198036c000 rw-p 00000000 00:00 0 
7f198036c000-7f1984000000 ---p 00000000 00:00 0 
7f1984000000-7f1984021000 rw-p 00000000 00:00 0 
7f1984021000-7f1988000000 ---p 00000000 00:00 0 
7f1988000000-7f1988634000 rw-p 00000000 00:00 0 
7f1988634000-7f198c000000 ---p 00000000 00:00 0 
7f198c000000-7f198c021000 rw-p 00000000 00:00 0 
7f198c021000-7f1990000000 ---p 00000000 00:00 0 
7f1990000000-7f19900cc000 rw-p 00000000 00:00 0 
7f19900cc000-7f1994000000 ---p 00000000 00:00 0 
7f1994000000-7f1994021000 rw-p 00000000 00:00 0 
7f1994021000-7f1998000000 ---p 00000000 00:00 0 
7f1998000000-7f1998178000 rw-p 00000000 00:00 0 
7f1998178000-7f199c000000 ---p 00000000 00:00 0 
7f199c000000-7f199c021000 rw-p 00000000 00:00 0 
7f199c021000-7f19a0000000 ---p 00000000 00:00 0 
7f19a4000000-7f19a41ef000 rw-p 00000000 00:00 0 
7f19a41ef000-7f19a8000000 ---p 00000000 00:00 0 
7f19a8526000-7f19a99cf000 rw-p 00000000 00:00 0 
7f19a9c15000-7f19aa2f8000 rw-p 00000000 00:00 0 
7f19aa9c2000-7f19aae03000 rw-p 00000000 00:00 0 
7f19aae03000-7f19abdce000 r-xp 00000000 08:01 947080                     /usr/local/lib/libcvc4.so.6
7f19abdce000-7f19abfcd000 ---p 00fcb000 08:01 947080                     /usr/local/lib/libcvc4.so.6
7f19abfcd000-7f19abfe0000 r--p 00fca000 08:01 947080                     /usr/local/lib/libcvc4.so.6
7f19abfe0000-7f19abffc000 rw-p 00fdd000 08:01 947080                     /usr/local/lib/libcvc4.so.6
7f19abffc000-7f19ac000000 rw-p 00000000 00:00 0 
7f19ac000000-7f19ac021000 rw-p 00000000 00:00 0 
7f19ac021000-7f19b0000000 ---p 00000000 00:00 0 
7f19b0194000-7f19b0a16000 rw-p 00000000 00:00 0 
7f19b0a16000-7f19b0a95000 r-xp 00000000 08:01 927679                     /usr/lib/x86_64-linux-gnu/libgmp.so.10.3.2
7f19b0a95000-7f19b0c95000 ---p 0007f000 08:01 927679                     /usr/lib/x86_64-linux-gnu/libgmp.so.10.3.2
7f19b0c95000-7f19b0c96000 r--p 0007f000 08:01 927679                     /usr/lib/x86_64-linux-gnu/libgmp.so.10.3.2
7f19b0c96000-7f19b0c97000 rw-p 00080000 08:01 927679                     /usr/lib/x86_64-linux-gnu/libgmp.so.10.3.2
7f19b0c97000-7f19b0f29000 r-xp 00000000 08:01 947164                     /usr/local/lib/libcvc4parser.so.6
7f19b0f29000-7f19b1128000 ---p 00292000 08:01 947164                     /usr/local/lib/libcvc4parser.so.6
7f19b1128000-7f19b112c000 r--p 00291000 08:01 947164                     /usr/local/lib/libcvc4parser.so.6
7f19b112c000-7f19b1140000 rw-p 00295000 08:01 947164                     /usr/local/lib/libcvc4parser.so.6
7f19b1140000-7f19b12eb000 r-xp 00000000 08:01 2502732                    /home/qhu28/Desktop/PLDI2020_artifact/WTAlib/lib/libcvc4jni.so
7f19b12eb000-7f19b14ea000 ---p 001ab000 08:01 2502732                    /home/qhu28/Desktop/PLDI2020_artifact/WTAlib/lib/libcvc4jni.so
7f19b14ea000-7f19b14ec000 r--p 001aa000 08:01 2502732                    /home/qhu28/Desktop/PLDI2020_artifact/WTAlib/lib/libcvc4jni.so
7f19b14ec000-7f19b14ef000 rw-p 001ac000 08:01 2502732                    /home/qhu28/Desktop/PLDI2020_artifact/WTAlib/lib/libcvc4jni.so
7f19b14ef000-7f19b1506000 r-xp 00000000 08:01 1313102                    /usr/lib/jvm/java-8-openjdk-amd64/jre/lib/amd64/libnet.so
7f19b1506000-7f19b1705000 ---p 00017000 08:01 1313102                    /usr/lib/jvm/java-8-openjdk-amd64/jre/lib/amd64/libnet.so
7f19b1705000-7f19b1706000 r--p 00016000 08:01 1313102                    /usr/lib/jvm/java-8-openjdk-amd64/jre/lib/amd64/libnet.so
7f19b1706000-7f19b1707000 rw-p 00017000 08:01 1313102                    /usr/lib/jvm/java-8-openjdk-amd64/jre/lib/amd64/libnet.so
7f19b1707000-7f19b1718000 r-xp 00000000 08:01 1313104                    /usr/lib/jvm/java-8-openjdk-amd64/jre/lib/amd64/libnio.so
7f19b1718000-7f19b1918000 ---p 00011000 08:01 1313104                    /usr/lib/jvm/java-8-openjdk-amd64/jre/lib/amd64/libnio.so
7f19b1918000-7f19b1919000 r--p 00011000 08:01 1313104                    /usr/lib/jvm/java-8-openjdk-amd64/jre/lib/amd64/libnio.so
7f19b1919000-7f19b191a000 rw-p 00012000 08:01 1313104                    /usr/lib/jvm/java-8-openjdk-amd64/jre/lib/amd64/libnio.so
7f19b191a000-7f19b191b000 ---p 00000000 00:00 0 
7f19b191b000-7f19b1a1b000 rw-p 00000000 00:00 0 
7f19b1a1b000-7f19b1a1e000 ---p 00000000 00:00 0 
7f19b1a1e000-7f19b1b1c000 rw-p 00000000 00:00 0 
7f19b1b1c000-7f19b1b1d000 ---p 00000000 00:00 0 
7f19b1b1d000-7f19b1b20000 ---p 00000000 00:00 0 
7f19b1b20000-7f19b1c1d000 rw-p 00000000 00:00 0 
7f19b1c1d000-7f19b1c1e000 ---p 00000000 00:00 0 
7f19b1c1e000-7f19b1c21000 ---p 00000000 00:00 0 
7f19b1c21000-7f19b1d1e000 rw-p 00000000 00:00 0 
7f19b1d1e000-7f19b1d1f000 ---p 00000000 00:00 0 
7f19b1d1f000-7f19b1d22000 ---p 00000000 00:00 0 
7f19b1d22000-7f19b1e1f000 rw-p 00000000 00:00 0 
7f19b1e1f000-7f19b1e22000 ---p 00000000 00:00 0 
7f19b1e22000-7f19b1f20000 rw-p 00000000 00:00 0 
7f19b1f20000-7f19b28ef000 r--p 00000000 08:01 924261                     /usr/lib/locale/locale-archive
7f19b28ef000-7f19b28f2000 ---p 00000000 00:00 0 
7f19b28f2000-7f19b29f0000 rw-p 00000000 00:00 0 
7f19b29f0000-7f19b29f3000 ---p 00000000 00:00 0 
7f19b29f3000-7f19b2af1000 rw-p 00000000 00:00 0 
7f19b2af1000-7f19b2af2000 ---p 00000000 00:00 0 
7f19b2af2000-7f19b9000000 rw-p 00000000 00:00 0 
7f19b9000000-7f19b9300000 rwxp 00000000 00:00 0 
7f19b9300000-7f19c8000000 ---p 00000000 00:00 0 
7f19c8000000-7f19cc000000 rw-p 00000000 00:00 0 
7f19cc048000-7f19cc058000 r--s 000e4000 08:01 146126                     /home/qhu28/Desktop/PLDI2020_artifact/WTAlib/benchmarks/WTAlib.jar
7f19cc058000-7f19cc073000 r--s 00394000 08:01 1316042                    /usr/lib/jvm/java-8-openjdk-amd64/jre/lib/ext/cldrdata.jar
7f19cc073000-7f19cc075000 r--s 00007000 08:01 1184980                    /usr/share/java/java-atk-wrapper.jar
7f19cc075000-7f19cc090000 r--s 001d6000 08:01 1316047                    /usr/lib/jvm/java-8-openjdk-amd64/jre/lib/ext/nashorn.jar
7f19cc090000-7f19cc095000 r--s 0003d000 08:01 1316049                    /usr/lib/jvm/java-8-openjdk-amd64/jre/lib/ext/sunjce_provider.jar
7f19cc095000-7f19cc099000 r--s 0003a000 08:01 1316050                    /usr/lib/jvm/java-8-openjdk-amd64/jre/lib/ext/sunpkcs11.jar
7f19cc099000-7f19cc19a000 rw-p 00000000 00:00 0 
7f19cc19a000-7f19cc36a000 r--s 03c68000 08:01 1316068                    /usr/lib/jvm/java-8-openjdk-amd64/jre/lib/rt.jar
7f19cc36a000-7f19cca60000 rw-p 00000000 00:00 0 
7f19cca60000-7f19ccbe0000 ---p 00000000 00:00 0 
7f19ccbe0000-7f19cd140000 rw-p 00000000 00:00 0 
7f19cd140000-7f19cd141000 ---p 00000000 00:00 0 
7f19cd141000-7f19cd241000 rw-p 00000000 00:00 0 
7f19cd241000-7f19cd242000 ---p 00000000 00:00 0 
7f19cd242000-7f19cd342000 rw-p 00000000 00:00 0 
7f19cd342000-7f19cd343000 ---p 00000000 00:00 0 
7f19cd343000-7f19cd443000 rw-p 00000000 00:00 0 
7f19cd443000-7f19cd444000 ---p 00000000 00:00 0 
7f19cd444000-7f19cd5e0000 rw-p 00000000 00:00 0 
7f19cd5e0000-7f19cd8da000 ---p 00000000 00:00 0 
7f19cd8da000-7f19cd976000 rw-p 00000000 00:00 0 
7f19cd976000-7f19cdc6f000 ---p 00000000 00:00 0 
7f19cdc6f000-7f19cdd85000 rw-p 00000000 00:00 0 
7f19cdd85000-7f19cde3a000 ---p 00000000 00:00 0 
7f19cde3a000-7f19cde47000 rw-p 00000000 00:00 0 
7f19cde47000-7f19ce1fb000 ---p 00000000 00:00 0 
7f19ce1fb000-7f19ce203000 r-xp 00000000 08:01 1316031                    /usr/lib/jvm/java-8-openjdk-amd64/jre/lib/amd64/libzip.so
7f19ce203000-7f19ce402000 ---p 00008000 08:01 1316031                    /usr/lib/jvm/java-8-openjdk-amd64/jre/lib/amd64/libzip.so
7f19ce402000-7f19ce403000 r--p 00007000 08:01 1316031                    /usr/lib/jvm/java-8-openjdk-amd64/jre/lib/amd64/libzip.so
7f19ce403000-7f19ce404000 rw-p 00008000 08:01 1316031                    /usr/lib/jvm/java-8-openjdk-amd64/jre/lib/amd64/libzip.so
7f19ce404000-7f19ce40f000 r-xp 00000000 08:01 1447532                    /lib/x86_64-linux-gnu/libnss_files-2.27.so
7f19ce40f000-7f19ce60e000 ---p 0000b000 08:01 1447532                    /lib/x86_64-linux-gnu/libnss_files-2.27.so
7f19ce60e000-7f19ce60f000 r--p 0000a000 08:01 1447532                    /lib/x86_64-linux-gnu/libnss_files-2.27.so
7f19ce60f000-7f19ce610000 rw-p 0000b000 08:01 1447532                    /lib/x86_64-linux-gnu/libnss_files-2.27.so
7f19ce610000-7f19ce616000 rw-p 00000000 00:00 0 
7f19ce616000-7f19ce62d000 r-xp 00000000 08:01 1447526                    /lib/x86_64-linux-gnu/libnsl-2.27.so
7f19ce62d000-7f19ce82c000 ---p 00017000 08:01 1447526                    /lib/x86_64-linux-gnu/libnsl-2.27.so
7f19ce82c000-7f19ce82d000 r--p 00016000 08:01 1447526                    /lib/x86_64-linux-gnu/libnsl-2.27.so
7f19ce82d000-7f19ce82e000 rw-p 00017000 08:01 1447526                    /lib/x86_64-linux-gnu/libnsl-2.27.so
7f19ce82e000-7f19ce830000 rw-p 00000000 00:00 0 
7f19ce830000-7f19ce83b000 r-xp 00000000 08:01 1447543                    /lib/x86_64-linux-gnu/libnss_nis-2.27.so
7f19ce83b000-7f19cea3a000 ---p 0000b000 08:01 1447543                    /lib/x86_64-linux-gnu/libnss_nis-2.27.so
7f19cea3a000-7f19cea3b000 r--p 0000a000 08:01 1447543                    /lib/x86_64-linux-gnu/libnss_nis-2.27.so
7f19cea3b000-7f19cea3c000 rw-p 0000b000 08:01 1447543                    /lib/x86_64-linux-gnu/libnss_nis-2.27.so
7f19cea3c000-7f19cea44000 r-xp 00000000 08:01 1447528                    /lib/x86_64-linux-gnu/libnss_compat-2.27.so
7f19cea44000-7f19cec44000 ---p 00008000 08:01 1447528                    /lib/x86_64-linux-gnu/libnss_compat-2.27.so
7f19cec44000-7f19cec45000 r--p 00008000 08:01 1447528                    /lib/x86_64-linux-gnu/libnss_compat-2.27.so
7f19cec45000-7f19cec46000 rw-p 00009000 08:01 1447528                    /lib/x86_64-linux-gnu/libnss_compat-2.27.so
7f19cec46000-7f19cec70000 r-xp 00000000 08:01 1313065                    /usr/lib/jvm/java-8-openjdk-amd64/jre/lib/amd64/libjava.so
7f19cec70000-7f19cee6f000 ---p 0002a000 08:01 1313065                    /usr/lib/jvm/java-8-openjdk-amd64/jre/lib/amd64/libjava.so
7f19cee6f000-7f19cee70000 r--p 00029000 08:01 1313065                    /usr/lib/jvm/java-8-openjdk-amd64/jre/lib/amd64/libjava.so
7f19cee70000-7f19cee72000 rw-p 0002a000 08:01 1313065                    /usr/lib/jvm/java-8-openjdk-amd64/jre/lib/amd64/libjava.so
7f19cee72000-7f19cee82000 r-xp 00000000 08:01 1316030                    /usr/lib/jvm/java-8-openjdk-amd64/jre/lib/amd64/libverify.so
7f19cee82000-7f19cf081000 ---p 00010000 08:01 1316030                    /usr/lib/jvm/java-8-openjdk-amd64/jre/lib/amd64/libverify.so
7f19cf081000-7f19cf083000 r--p 0000f000 08:01 1316030                    /usr/lib/jvm/java-8-openjdk-amd64/jre/lib/amd64/libverify.so
7f19cf083000-7f19cf084000 rw-p 00011000 08:01 1316030                    /usr/lib/jvm/java-8-openjdk-amd64/jre/lib/amd64/libverify.so
7f19cf084000-7f19cf08b000 r-xp 00000000 08:01 1447583                    /lib/x86_64-linux-gnu/librt-2.27.so
7f19cf08b000-7f19cf28a000 ---p 00007000 08:01 1447583                    /lib/x86_64-linux-gnu/librt-2.27.so
7f19cf28a000-7f19cf28b000 r--p 00006000 08:01 1447583                    /lib/x86_64-linux-gnu/librt-2.27.so
7f19cf28b000-7f19cf28c000 rw-p 00007000 08:01 1447583                    /lib/x86_64-linux-gnu/librt-2.27.so
7f19cf28c000-7f19cf2a3000 r-xp 00000000 08:01 1454831                    /lib/x86_64-linux-gnu/libgcc_s.so.1
7f19cf2a3000-7f19cf4a2000 ---p 00017000 08:01 1454831                    /lib/x86_64-linux-gnu/libgcc_s.so.1
7f19cf4a2000-7f19cf4a3000 r--p 00016000 08:01 1454831                    /lib/x86_64-linux-gnu/libgcc_s.so.1
7f19cf4a3000-7f19cf4a4000 rw-p 00017000 08:01 1454831                    /lib/x86_64-linux-gnu/libgcc_s.so.1
7f19cf4a4000-7f19cf641000 r-xp 00000000 08:01 1447505                    /lib/x86_64-linux-gnu/libm-2.27.so
7f19cf641000-7f19cf840000 ---p 0019d000 08:01 1447505                    /lib/x86_64-linux-gnu/libm-2.27.so
7f19cf840000-7f19cf841000 r--p 0019c000 08:01 1447505                    /lib/x86_64-linux-gnu/libm-2.27.so
7f19cf841000-7f19cf842000 rw-p 0019d000 08:01 1447505                    /lib/x86_64-linux-gnu/libm-2.27.so
7f19cf842000-7f19cf9bb000 r-xp 00000000 08:01 917694                     /usr/lib/x86_64-linux-gnu/libstdc++.so.6.0.25
7f19cf9bb000-7f19cfbbb000 ---p 00179000 08:01 917694                     /usr/lib/x86_64-linux-gnu/libstdc++.so.6.0.25
7f19cfbbb000-7f19cfbc5000 r--p 00179000 08:01 917694                     /usr/lib/x86_64-linux-gnu/libstdc++.so.6.0.25
7f19cfbc5000-7f19cfbc7000 rw-p 00183000 08:01 917694                     /usr/lib/x86_64-linux-gnu/libstdc++.so.6.0.25
7f19cfbc7000-7f19cfbcb000 rw-p 00000000 00:00 0 
7f19cfbcb000-7f19d086e000 r-xp 00000000 08:01 1316033                    /usr/lib/jvm/java-8-openjdk-amd64/jre/lib/amd64/server/libjvm.so
7f19d086e000-7f19d0a6e000 ---p 00ca3000 08:01 1316033                    /usr/lib/jvm/java-8-openjdk-amd64/jre/lib/amd64/server/libjvm.so
7f19d0a6e000-7f19d0b02000 r--p 00ca3000 08:01 1316033                    /usr/lib/jvm/java-8-openjdk-amd64/jre/lib/amd64/server/libjvm.so
7f19d0b02000-7f19d0b2b000 rw-p 00d37000 08:01 1316033                    /usr/lib/jvm/java-8-openjdk-amd64/jre/lib/amd64/server/libjvm.so
7f19d0b2b000-7f19d0b5b000 rw-p 00000000 00:00 0 
7f19d0b5b000-7f19d0b75000 r-xp 00000000 08:01 1447575                    /lib/x86_64-linux-gnu/libpthread-2.27.so
7f19d0b75000-7f19d0d74000 ---p 0001a000 08:01 1447575                    /lib/x86_64-linux-gnu/libpthread-2.27.so
7f19d0d74000-7f19d0d75000 r--p 00019000 08:01 1447575                    /lib/x86_64-linux-gnu/libpthread-2.27.so
7f19d0d75000-7f19d0d76000 rw-p 0001a000 08:01 1447575                    /lib/x86_64-linux-gnu/libpthread-2.27.so
7f19d0d76000-7f19d0d7a000 rw-p 00000000 00:00 0 
7f19d0d7a000-7f19d0d7d000 r-xp 00000000 08:01 1447465                    /lib/x86_64-linux-gnu/libdl-2.27.so
7f19d0d7d000-7f19d0f7c000 ---p 00003000 08:01 1447465                    /lib/x86_64-linux-gnu/libdl-2.27.so
7f19d0f7c000-7f19d0f7d000 r--p 00002000 08:01 1447465                    /lib/x86_64-linux-gnu/libdl-2.27.so
7f19d0f7d000-7f19d0f7e000 rw-p 00003000 08:01 1447465                    /lib/x86_64-linux-gnu/libdl-2.27.so
7f19d0f7e000-7f19d0f9a000 r-xp 00000000 08:01 1447614                    /lib/x86_64-linux-gnu/libz.so.1.2.11
7f19d0f9a000-7f19d1199000 ---p 0001c000 08:01 1447614                    /lib/x86_64-linux-gnu/libz.so.1.2.11
7f19d1199000-7f19d119a000 r--p 0001b000 08:01 1447614                    /lib/x86_64-linux-gnu/libz.so.1.2.11
7f19d119a000-7f19d119b000 rw-p 0001c000 08:01 1447614                    /lib/x86_64-linux-gnu/libz.so.1.2.11
7f19d119b000-7f19d1382000 r-xp 00000000 08:01 1447442                    /lib/x86_64-linux-gnu/libc-2.27.so
7f19d1382000-7f19d1582000 ---p 001e7000 08:01 1447442                    /lib/x86_64-linux-gnu/libc-2.27.so
7f19d1582000-7f19d1586000 r--p 001e7000 08:01 1447442                    /lib/x86_64-linux-gnu/libc-2.27.so
7f19d1586000-7f19d1588000 rw-p 001eb000 08:01 1447442                    /lib/x86_64-linux-gnu/libc-2.27.so
7f19d1588000-7f19d158c000 rw-p 00000000 00:00 0 
7f19d158c000-7f19d159a000 r-xp 00000000 08:01 1313045                    /usr/lib/jvm/java-8-openjdk-amd64/jre/lib/amd64/jli/libjli.so
7f19d159a000-7f19d1799000 ---p 0000e000 08:01 1313045                    /usr/lib/jvm/java-8-openjdk-amd64/jre/lib/amd64/jli/libjli.so
7f19d1799000-7f19d179a000 r--p 0000d000 08:01 1313045                    /usr/lib/jvm/java-8-openjdk-amd64/jre/lib/amd64/jli/libjli.so
7f19d179a000-7f19d179b000 rw-p 0000e000 08:01 1313045                    /usr/lib/jvm/java-8-openjdk-amd64/jre/lib/amd64/jli/libjli.so
7f19d179b000-7f19d17c2000 r-xp 00000000 08:01 1447414                    /lib/x86_64-linux-gnu/ld-2.27.so
7f19d17c2000-7f19d17c5000 r--s 0000f000 08:01 1316044                    /usr/lib/jvm/java-8-openjdk-amd64/jre/lib/ext/icedtea-sound.jar
7f19d17c5000-7f19d17c6000 r--s 00010000 08:01 1316051                    /usr/lib/jvm/java-8-openjdk-amd64/jre/lib/ext/zipfs.jar
7f19d17c6000-7f19d17c7000 r--s 0000d000 08:01 1316048                    /usr/lib/jvm/java-8-openjdk-amd64/jre/lib/ext/sunec.jar
7f19d17c7000-7f19d17c9000 r--s 00001000 08:01 1316043                    /usr/lib/jvm/java-8-openjdk-amd64/jre/lib/ext/dnsns.jar
7f19d17c9000-7f19d18a8000 rw-p 00000000 00:00 0 
7f19d18a8000-7f19d18a9000 ---p 00000000 00:00 0 
7f19d18a9000-7f19d18ac000 ---p 00000000 00:00 0 
7f19d18ac000-7f19d19ab000 rw-p 00000000 00:00 0 
7f19d19ab000-7f19d19ac000 r--s 0000a000 08:01 1316045                    /usr/lib/jvm/java-8-openjdk-amd64/jre/lib/ext/jaccess.jar
7f19d19ac000-7f19d19b6000 r--s 00116000 08:01 1316046                    /usr/lib/jvm/java-8-openjdk-amd64/jre/lib/ext/localedata.jar
7f19d19b6000-7f19d19be000 rw-s 00000000 08:01 262154                     /tmp/hsperfdata_qhu28/11184
7f19d19be000-7f19d19bf000 rw-p 00000000 00:00 0 
7f19d19bf000-7f19d19c0000 r--p 00000000 00:00 0 
7f19d19c0000-7f19d19c2000 rw-p 00000000 00:00 0 
7f19d19c2000-7f19d19c3000 r--p 00027000 08:01 1447414                    /lib/x86_64-linux-gnu/ld-2.27.so
7f19d19c3000-7f19d19c4000 rw-p 00028000 08:01 1447414                    /lib/x86_64-linux-gnu/ld-2.27.so
7f19d19c4000-7f19d19c5000 rw-p 00000000 00:00 0 
7ffedd732000-7ffedd753000 rw-p 00000000 00:00 0                          [stack]
7ffedd799000-7ffedd79c000 r--p 00000000 00:00 0                          [vvar]
7ffedd79c000-7ffedd79e000 r-xp 00000000 00:00 0                          [vdso]
ffffffffff600000-ffffffffff601000 r-xp 00000000 00:00 0                  [vsyscall]

VM Arguments:
jvm_args: -ea -Djava.library.path=lib 
java_command: benchmarks/WTAlib.jar benchmarks/CLIA_Track_Const/guard4 3 1
java_class_path (initial): benchmarks/WTAlib.jar
Launcher Type: SUN_STANDARD

Environment Variables:
PATH=/usr/local/sbin:/usr/local/bin:/usr/sbin:/usr/bin:/sbin:/bin:/usr/games:/usr/local/games:/snap/bin:/usr/share/rvm/bin
USERNAME=qhu28
SHELL=/bin/bash
DISPLAY=:0

Signal Handlers:
SIGSEGV: [libjvm.so+0xabc3b0], sa_mask[0]=11111111011111111101111111111110, sa_flags=SA_RESTART|SA_SIGINFO
SIGBUS: [libjvm.so+0xabc3b0], sa_mask[0]=11111111011111111101111111111110, sa_flags=SA_RESTART|SA_SIGINFO
SIGFPE: [libjvm.so+0x8f0bb0], sa_mask[0]=11111111011111111101111111111110, sa_flags=SA_RESTART|SA_SIGINFO
SIGPIPE: [libjvm.so+0x8f0bb0], sa_mask[0]=11111111011111111101111111111110, sa_flags=SA_RESTART|SA_SIGINFO
SIGXFSZ: [libjvm.so+0x8f0bb0], sa_mask[0]=11111111011111111101111111111110, sa_flags=SA_RESTART|SA_SIGINFO
SIGILL: [libjvm.so+0x8f0bb0], sa_mask[0]=11111111011111111101111111111110, sa_flags=SA_RESTART|SA_SIGINFO
SIGUSR1: SIG_DFL, sa_mask[0]=00000000000000000000000000000000, sa_flags=none
SIGUSR2: [libjvm.so+0x8f0a60], sa_mask[0]=00000000000000000000000000000000, sa_flags=SA_RESTART|SA_SIGINFO
SIGHUP: [libjvm.so+0x8f10d0], sa_mask[0]=11111111011111111101111111111110, sa_flags=SA_RESTART|SA_SIGINFO
SIGINT: [libjvm.so+0x8f10d0], sa_mask[0]=11111111011111111101111111111110, sa_flags=SA_RESTART|SA_SIGINFO
SIGTERM: [libjvm.so+0x8f10d0], sa_mask[0]=11111111011111111101111111111110, sa_flags=SA_RESTART|SA_SIGINFO
SIGQUIT: [libjvm.so+0x8f10d0], sa_mask[0]=11111111011111111101111111111110, sa_flags=SA_RESTART|SA_SIGINFO


---------------  S Y S T E M  ---------------

OS:DISTRIB_ID=Ubuntu
DISTRIB_RELEASE=18.04
DISTRIB_CODENAME=bionic
DISTRIB_DESCRIPTION="Ubuntu 18.04.1 LTS"

uname:Linux 4.15.0-88-generic #88-Ubuntu SMP Tue Feb 11 20:11:34 UTC 2020 x86_64
libc:glibc 2.27 NPTL 2.27 
rlimit: STACK 8192k, CORE 0k, NPROC 43757, NOFILE 4096, AS infinity
load average:1.67 2.04 1.95

/proc/meminfo:
MemTotal:       11264204 kB
MemFree:         7595776 kB
MemAvailable:    8825568 kB
Buffers:          128580 kB
Cached:          1398200 kB
SwapCached:            0 kB
Active:          2455376 kB
Inactive:         936160 kB
Active(anon):    1863600 kB
Inactive(anon):   111796 kB
Active(file):     591776 kB
Inactive(file):   824364 kB
Unevictable:          32 kB
Mlocked:              32 kB
SwapTotal:       1942896 kB
SwapFree:        1942896 kB
Dirty:               104 kB
Writeback:             0 kB
AnonPages:       1864920 kB
Mapped:           477296 kB
Shmem:            112700 kB
Slab:             161304 kB
SReclaimable:      88868 kB
SUnreclaim:        72436 kB
KernelStack:        8768 kB
PageTables:        34240 kB
NFS_Unstable:          0 kB
Bounce:                0 kB
WritebackTmp:          0 kB
CommitLimit:     7574996 kB
Committed_AS:    6051120 kB
VmallocTotal:   34359738367 kB
VmallocUsed:           0 kB
VmallocChunk:          0 kB
HardwareCorrupted:     0 kB
AnonHugePages:         0 kB
ShmemHugePages:        0 kB
ShmemPmdMapped:        0 kB
CmaTotal:              0 kB
CmaFree:               0 kB
HugePages_Total:       0
HugePages_Free:        0
HugePages_Rsvd:        0
HugePages_Surp:        0
Hugepagesize:       2048 kB
DirectMap4k:      194496 kB
DirectMap2M:    11339776 kB

container (cgroup) information:
container_type: cgroupv1
cpu_cpuset_cpus: 0-3
cpu_memory_nodes: 0
active_processor_count: 4
cpu_quota: -1
cpu_period: 100000
cpu_shares: -1
memory_limit_in_bytes: -1
memory_and_swap_limit_in_bytes: -2
memory_soft_limit_in_bytes: -1
memory_usage_in_bytes: 2662891520
memory_max_usage_in_bytes: 4888150016


CPU:total 4 (initial active 4) (4 cores per cpu, 1 threads per core) family 6 model 94 stepping 3, cmov, cx8, fxsr, mmx, sse, sse2, sse3, ssse3, sse4.1, sse4.2, popcnt, avx, avx2, aes, clmul, 3dnowpref, lzcnt, tsc, tscinvbit

/proc/cpuinfo:
processor	: 0
vendor_id	: GenuineIntel
cpu family	: 6
model		: 94
model name	: Intel(R) Core(TM) i7-6700K CPU @ 4.00GHz
stepping	: 3
cpu MHz		: 4008.000
cache size	: 8192 KB
physical id	: 0
siblings	: 4
core id		: 0
cpu cores	: 4
apicid		: 0
initial apicid	: 0
fpu		: yes
fpu_exception	: yes
cpuid level	: 22
wp		: yes
flags		: fpu vme de pse tsc msr pae mce cx8 apic sep mtrr pge mca cmov pat pse36 clflush mmx fxsr sse sse2 ht syscall nx rdtscp lm constant_tsc rep_good nopl xtopology nonstop_tsc cpuid tsc_known_freq pni pclmulqdq ssse3 cx16 pcid sse4_1 sse4_2 x2apic movbe popcnt aes xsave avx rdrand hypervisor lahf_lm abm 3dnowprefetch invpcid_single pti fsgsbase avx2 invpcid rdseed clflushopt flush_l1d
bugs		: cpu_meltdown spectre_v1 spectre_v2 spec_store_bypass l1tf mds swapgs itlb_multihit
bogomips	: 8016.00
clflush size	: 64
cache_alignment	: 64
address sizes	: 39 bits physical, 48 bits virtual
power management:

processor	: 1
vendor_id	: GenuineIntel
cpu family	: 6
model		: 94
model name	: Intel(R) Core(TM) i7-6700K CPU @ 4.00GHz
stepping	: 3
cpu MHz		: 4008.000
cache size	: 8192 KB
physical id	: 0
siblings	: 4
core id		: 1
cpu cores	: 4
apicid		: 1
initial apicid	: 1
fpu		: yes
fpu_exception	: yes
cpuid level	: 22
wp		: yes
flags		: fpu vme de pse tsc msr pae mce cx8 apic sep mtrr pge mca cmov pat pse36 clflush mmx fxsr sse sse2 ht syscall nx rdtscp lm constant_tsc rep_good nopl xtopology nonstop_tsc cpuid tsc_known_freq pni pclmulqdq ssse3 cx16 pcid sse4_1 sse4_2 x2apic movbe popcnt aes xsave avx rdrand hypervisor lahf_lm abm 3dnowprefetch invpcid_single pti fsgsbase avx2 invpcid rdseed clflushopt flush_l1d
bugs		: cpu_meltdown spectre_v1 spectre_v2 spec_store_bypass l1tf mds swapgs itlb_multihit
bogomips	: 8016.00
clflush size	: 64
cache_alignment	: 64
address sizes	: 39 bits physical, 48 bits virtual
power management:

processor	: 2
vendor_id	: GenuineIntel
cpu family	: 6
model		: 94
model name	: Intel(R) Core(TM) i7-6700K CPU @ 4.00GHz
stepping	: 3
cpu MHz		: 4008.000
cache size	: 8192 KB
physical id	: 0
siblings	: 4
core id		: 2
cpu cores	: 4
apicid		: 2
initial apicid	: 2
fpu		: yes
fpu_exception	: yes
cpuid level	: 22
wp		: yes
flags		: fpu vme de pse tsc msr pae mce cx8 apic sep mtrr pge mca cmov pat pse36 clflush mmx fxsr sse sse2 ht syscall nx rdtscp lm constant_tsc rep_good nopl xtopology nonstop_tsc cpuid tsc_known_freq pni pclmulqdq ssse3 cx16 pcid sse4_1 sse4_2 x2apic movbe popcnt aes xsave avx rdrand hypervisor lahf_lm abm 3dnowprefetch invpcid_single pti fsgsbase avx2 invpcid rdseed clflushopt flush_l1d
bugs		: cpu_meltdown spectre_v1 spectre_v2 spec_store_bypass l1tf mds swapgs itlb_multihit
bogomips	: 8016.00
clflush size	: 64
cache_alignment	: 64
address sizes	: 39 bits physical, 48 bits virtual
power management:

processor	: 3
vendor_id	: GenuineIntel
cpu family	: 6
model		: 94
model name	: Intel(R) Core(TM) i7-6700K CPU @ 4.00GHz
stepping	: 3
cpu MHz		: 4008.000
cache size	: 8192 KB
physical id	: 0
siblings	: 4
core id		: 3
cpu cores	: 4
apicid		: 3
initial apicid	: 3
fpu		: yes
fpu_exception	: yes
cpuid level	: 22
wp		: yes
flags		: fpu vme de pse tsc msr pae mce cx8 apic sep mtrr pge mca cmov pat pse36 clflush mmx fxsr sse sse2 ht syscall nx rdtscp lm constant_tsc rep_good nopl xtopology nonstop_tsc cpuid tsc_known_freq pni pclmulqdq ssse3 cx16 pcid sse4_1 sse4_2 x2apic movbe popcnt aes xsave avx rdrand hypervisor lahf_lm abm 3dnowprefetch invpcid_single pti fsgsbase avx2 invpcid rdseed clflushopt flush_l1d
bugs		: cpu_meltdown spectre_v1 spectre_v2 spec_store_bypass l1tf mds swapgs itlb_multihit
bogomips	: 8016.00
clflush size	: 64
cache_alignment	: 64
address sizes	: 39 bits physical, 48 bits virtual
power management:



Memory: 4k page, physical 11264204k(7595776k free), swap 1942896k(1942896k free)

vm_info: OpenJDK 64-Bit Server VM (25.242-b08) for linux-amd64 JRE (1.8.0_242-8u242-b08-0ubuntu3~18.04-b08), built on Jan 17 2020 23:41:21 by "buildd" with gcc 7.4.0

time: Fri Feb 28 21:36:09 2020
timezone: CST
elapsed time: 19 seconds (0d 0h 0m 19s)

